Fitting 8 folds for each of 100 candidates, totalling 800 fits
-------------------------------------------------------
Validation results
The model : Logistic Regression
The best parameters : {'l1_ratio': 0.3333333333333333, 'C': 8.9, 'penalty': 'elasticnet'}
Mean accuracy and macro f1-score with 2 sigma interval on validation sets
Accuracy: 0.982+/-0.017
f1-score: 0.976+/-0.022
-------------------------------------------------------

-------------------------------------------------------
The model : Logistic Regression
All grid-search validation results.
   param_l1_ratio param_C param_penalty  mean_test_accuracy  std_test_accuracy  mean_test_f1_macro  std_test_f1_macro
0   0              0.1     elasticnet    0.958333            0.021686           0.944865            0.028765         
1   0.111111       0.1     elasticnet    0.953283            0.019520           0.938973            0.024938         
2   0.222222       0.1     elasticnet    0.936869            0.016559           0.917719            0.020506         
3   0.333333       0.1     elasticnet    0.902778            0.025722           0.873316            0.033709         
4   0.444444       0.1     elasticnet    0.856061            0.030198           0.813973            0.039517         
5   0.555556       0.1     elasticnet    0.777778            0.015971           0.714941            0.015047         
6   0.666667       0.1     elasticnet    0.654040            0.026121           0.563889            0.029391         
7   0.777778       0.1     elasticnet    0.527778            0.026605           0.421759            0.027474         
8   0.888889       0.1     elasticnet    0.422980            0.034417           0.300998            0.030950         
9   1              0.1     elasticnet    0.358586            0.022015           0.232413            0.018668         
10  0              1.2     elasticnet    0.977273            0.008375           0.969697            0.011167         
11  0.111111       1.2     elasticnet    0.976010            0.008656           0.968013            0.011542         
12  0.222222       1.2     elasticnet    0.976010            0.011222           0.968013            0.014963         
13  0.333333       1.2     elasticnet    0.969697            0.016751           0.960017            0.021324         
14  0.444444       1.2     elasticnet    0.970960            0.017080           0.961700            0.021752         
15  0.555556       1.2     elasticnet    0.964646            0.020202           0.953493            0.025944         
16  0.666667       1.2     elasticnet    0.963384            0.020785           0.952231            0.026618         
17  0.777778       1.2     elasticnet    0.963384            0.025722           0.952231            0.033075         
18  0.888889       1.2     elasticnet    0.953283            0.026213           0.938973            0.033477         
19  1              1.2     elasticnet    0.948232            0.029205           0.932029            0.037831         
20  0              2.3     elasticnet    0.979798            0.010101           0.973064            0.013468         
21  0.111111       2.3     elasticnet    0.978535            0.007885           0.971380            0.010513         
22  0.222222       2.3     elasticnet    0.978535            0.006055           0.971380            0.008074         
23  0.333333       2.3     elasticnet    0.977273            0.008375           0.969697            0.011167         
24  0.444444       2.3     elasticnet    0.973485            0.011222           0.964646            0.014963         
25  0.555556       2.3     elasticnet    0.970960            0.014670           0.961700            0.018666         
26  0.666667       2.3     elasticnet    0.967172            0.014940           0.957281            0.018840         
27  0.777778       2.3     elasticnet    0.968434            0.019844           0.958965            0.025252         
28  0.888889       2.3     elasticnet    0.963384            0.023655           0.952231            0.030209         
29  1              2.3     elasticnet    0.955808            0.025722           0.942130            0.033053         
30  0              3.4     elasticnet    0.979798            0.010101           0.973064            0.013468         
31  0.111111       3.4     elasticnet    0.978535            0.007885           0.971380            0.010513         
32  0.222222       3.4     elasticnet    0.979798            0.007142           0.973064            0.009523         
33  0.333333       3.4     elasticnet    0.979798            0.010101           0.973064            0.013468         
34  0.444444       3.4     elasticnet    0.974747            0.010101           0.966330            0.013468         
35  0.555556       3.4     elasticnet    0.972222            0.012111           0.962963            0.016148         
36  0.666667       3.4     elasticnet    0.967172            0.014940           0.957281            0.018840         
37  0.777778       3.4     elasticnet    0.969697            0.017495           0.960648            0.022126         
38  0.888889       3.4     elasticnet    0.964646            0.022587           0.953914            0.028853         
39  1              3.4     elasticnet    0.960859            0.024967           0.948443            0.032240         
40  0              4.5     elasticnet    0.979798            0.010101           0.973064            0.013468         
41  0.111111       4.5     elasticnet    0.979798            0.007142           0.973064            0.009523         
42  0.222222       4.5     elasticnet    0.979798            0.007142           0.973064            0.009523         
43  0.333333       4.5     elasticnet    0.979798            0.010101           0.973064            0.013468         
44  0.444444       4.5     elasticnet    0.977273            0.011007           0.969697            0.014676         
45  0.555556       4.5     elasticnet    0.972222            0.014060           0.962963            0.018747         
46  0.666667       4.5     elasticnet    0.972222            0.014060           0.963384            0.018399         
47  0.777778       4.5     elasticnet    0.972222            0.015770           0.963594            0.019989         
48  0.888889       4.5     elasticnet    0.968434            0.019844           0.958544            0.025433         
49  1              4.5     elasticnet    0.964646            0.022587           0.953493            0.029134         
50  0              5.6     elasticnet    0.979798            0.010101           0.973064            0.013468         
51  0.111111       5.6     elasticnet    0.979798            0.007142           0.973064            0.009523         
52  0.222222       5.6     elasticnet    0.979798            0.007142           0.973064            0.009523         
53  0.333333       5.6     elasticnet    0.981061            0.007885           0.974747            0.010513         
54  0.444444       5.6     elasticnet    0.977273            0.011007           0.969697            0.014676         
55  0.555556       5.6     elasticnet    0.976010            0.011222           0.968013            0.014963         
56  0.666667       5.6     elasticnet    0.974747            0.013362           0.966330            0.017817         
57  0.777778       5.6     elasticnet    0.970960            0.015515           0.961911            0.019686         
58  0.888889       5.6     elasticnet    0.969697            0.017495           0.960227            0.022365         
59  1              5.6     elasticnet    0.968434            0.021090           0.958123            0.027936         
60  0              6.7     elasticnet    0.979798            0.010101           0.973064            0.013468         
61  0.111111       6.7     elasticnet    0.981061            0.007885           0.974747            0.010513         
62  0.222222       6.7     elasticnet    0.979798            0.007142           0.973064            0.009523         
63  0.333333       6.7     elasticnet    0.981061            0.007885           0.974747            0.010513         
64  0.444444       6.7     elasticnet    0.977273            0.011007           0.969697            0.014676         
65  0.555556       6.7     elasticnet    0.973485            0.012307           0.964646            0.016409         
66  0.666667       6.7     elasticnet    0.974747            0.011293           0.966330            0.015058         
67  0.777778       6.7     elasticnet    0.970960            0.015515           0.961911            0.019686         
68  0.888889       6.7     elasticnet    0.970960            0.016317           0.961911            0.020806         
69  1              6.7     elasticnet    0.967172            0.019397           0.956860            0.024856         
70  0              7.8     elasticnet    0.979798            0.010101           0.973064            0.013468         
71  0.111111       7.8     elasticnet    0.981061            0.007885           0.974747            0.010513         
72  0.222222       7.8     elasticnet    0.979798            0.007142           0.973064            0.009523         
73  0.333333       7.8     elasticnet    0.981061            0.007885           0.974747            0.010513         
74  0.444444       7.8     elasticnet    0.977273            0.011007           0.969697            0.014676         
75  0.555556       7.8     elasticnet    0.973485            0.012307           0.964646            0.016409         
76  0.666667       7.8     elasticnet    0.977273            0.011007           0.969697            0.014676         
77  0.777778       7.8     elasticnet    0.974747            0.012371           0.966330            0.016495         
78  0.888889       7.8     elasticnet    0.970960            0.016317           0.961911            0.020806         
79  1              7.8     elasticnet    0.968434            0.018514           0.958544            0.023703         
80  0              8.9     elasticnet    0.979798            0.010101           0.973064            0.013468         
81  0.111111       8.9     elasticnet    0.981061            0.007885           0.974747            0.010513         
82  0.222222       8.9     elasticnet    0.979798            0.007142           0.973064            0.009523         
83  0.333333       8.9     elasticnet    0.982323            0.008375           0.976431            0.011167         
84  0.444444       8.9     elasticnet    0.978535            0.009364           0.971380            0.012485         
85  0.555556       8.9     elasticnet    0.973485            0.012307           0.964646            0.016409         
86  0.666667       8.9     elasticnet    0.976010            0.012307           0.968013            0.016409         
87  0.777778       8.9     elasticnet    0.976010            0.012307           0.968013            0.016409         
88  0.888889       8.9     elasticnet    0.972222            0.015770           0.963594            0.019989         
89  1              8.9     elasticnet    0.968434            0.018514           0.958544            0.023703         
90  0              10      elasticnet    0.979798            0.010101           0.973064            0.013468         
91  0.111111       10      elasticnet    0.981061            0.007885           0.974747            0.010513         
92  0.222222       10      elasticnet    0.981061            0.007885           0.974747            0.010513         
93  0.333333       10      elasticnet    0.982323            0.008375           0.976431            0.011167         
94  0.444444       10      elasticnet    0.979798            0.010101           0.973064            0.013468         
95  0.555556       10      elasticnet    0.974747            0.011293           0.966330            0.015058         
96  0.666667       10      elasticnet    0.977273            0.011007           0.969697            0.014676         
97  0.777778       10      elasticnet    0.977273            0.011007           0.969697            0.014676         
98  0.888889       10      elasticnet    0.972222            0.014940           0.963384            0.019005         
99  1              10      elasticnet    0.969697            0.015971           0.960227            0.020376         
-------------------------------------------------------

Test accuracy : 0.980
Test f1-score : 0.978
