PCA explaining 90% of variance (44 components) - whiten=true

Fitting 8 folds for each of 48 candidates, totalling 384 fits
-------------------------------------------------------
Validation results
The model : Multilayer Perceptron
The best parameters : {'hidden_layer_sizes': 100, 'activation': 'relu', 'alpha': 1, 'solver': 'lbfgs'}
Mean accuracy and macro f1-score with 2 sigma interval on validation sets
Accuracy: 0.982+/-0.020
f1-score: 0.976+/-0.026
-------------------------------------------------------

-------------------------------------------------------
The model : Multilayer Perceptron
All grid-search validation results.
   param_hidden_layer_sizes param_activation param_alpha param_solver  mean_test_accuracy  std_test_accuracy  mean_test_f1_macro  std_test_f1_macro
0   100                      relu             1e-05       adam         0.959596            0.017495           0.946338            0.023334         
1   100                      relu             1e-05       lbfgs        0.948232            0.018514           0.931818            0.025462         
2   (100, 20)                relu             1e-05       adam         0.914141            0.031942           0.889731            0.040158         
3   (100, 20)                relu             1e-05       lbfgs        0.795455            0.047579           0.746170            0.055577         
4   (70, 10)                 relu             1e-05       adam         0.847222            0.017812           0.806397            0.024236         
5   (70, 10)                 relu             1e-05       lbfgs        0.700758            0.035331           0.636827            0.041136         
6   (50, 30)                 relu             1e-05       adam         0.934343            0.023144           0.914983            0.028120         
7   (50, 30)                 relu             1e-05       lbfgs        0.815657            0.050188           0.767130            0.060594         
8   100                      relu             0.0001      adam         0.969697            0.010101           0.959596            0.013468         
9   100                      relu             0.0001      lbfgs        0.954545            0.013362           0.939604            0.017746         
10  (100, 20)                relu             0.0001      adam         0.931818            0.023006           0.911195            0.028517         
11  (100, 20)                relu             0.0001      lbfgs        0.813131            0.042855           0.764310            0.050771         
12  (70, 10)                 relu             0.0001      adam         0.835859            0.031842           0.792298            0.036969         
13  (70, 10)                 relu             0.0001      lbfgs        0.702020            0.053925           0.637247            0.060838         
14  (50, 30)                 relu             0.0001      adam         0.921717            0.027080           0.897517            0.035438         
15  (50, 30)                 relu             0.0001      lbfgs        0.828283            0.026243           0.784512            0.034971         
16  100                      relu             0.001       adam         0.958333            0.011777           0.945076            0.015080         
17  100                      relu             0.001       lbfgs        0.945707            0.017450           0.929924            0.022078         
18  (100, 20)                relu             0.001       adam         0.919192            0.030303           0.894150            0.039125         
19  (100, 20)                relu             0.001       lbfgs        0.815657            0.031842           0.768813            0.035633         
20  (70, 10)                 relu             0.001       adam         0.849747            0.040542           0.806902            0.051752         
21  (70, 10)                 relu             0.001       lbfgs        0.713384            0.050489           0.657071            0.054735         
22  (50, 30)                 relu             0.001       adam         0.920455            0.021686           0.896886            0.027978         
23  (50, 30)                 relu             0.001       lbfgs        0.820707            0.024089           0.774285            0.031106         
24  100                      relu             0.01        adam         0.960859            0.010639           0.948232            0.013953         
25  100                      relu             0.01        lbfgs        0.950758            0.023384           0.935396            0.029878         
26  (100, 20)                relu             0.01        adam         0.933081            0.025722           0.913510            0.033043         
27  (100, 20)                relu             0.01        lbfgs        0.914141            0.033880           0.887416            0.044505         
28  (70, 10)                 relu             0.01        adam         0.862374            0.025722           0.824158            0.029977         
29  (70, 10)                 relu             0.01        lbfgs        0.829545            0.087832           0.788594            0.100356         
30  (50, 30)                 relu             0.01        adam         0.920455            0.030487           0.896549            0.039212         
31  (50, 30)                 relu             0.01        lbfgs        0.897727            0.044444           0.870581            0.054658         
32  100                      relu             0.1         adam         0.973485            0.011222           0.964646            0.014963         
33  100                      relu             0.1         lbfgs        0.981061            0.007885           0.974747            0.010513         
34  (100, 20)                relu             0.1         adam         0.941919            0.026121           0.922980            0.034642         
35  (100, 20)                relu             0.1         lbfgs        0.959596            0.015971           0.946759            0.021194         
36  (70, 10)                 relu             0.1         adam         0.866162            0.029772           0.828367            0.035482         
37  (70, 10)                 relu             0.1         lbfgs        0.921717            0.029341           0.898779            0.038153         
38  (50, 30)                 relu             0.1         adam         0.935606            0.024710           0.917088            0.029817         
39  (50, 30)                 relu             0.1         lbfgs        0.970960            0.013774           0.961279            0.018365         
40  100                      relu             1           adam         0.981061            0.010639           0.974747            0.014185         
41  100                      relu             1           lbfgs        0.982323            0.009780           0.976431            0.013040         
42  (100, 20)                relu             1           adam         0.979798            0.008748           0.973064            0.011664         
43  (100, 20)                relu             1           lbfgs        0.974747            0.014285           0.966330            0.019047         
44  (70, 10)                 relu             1           adam         0.917929            0.027402           0.894655            0.035780         
45  (70, 10)                 relu             1           lbfgs        0.931818            0.014940           0.911616            0.018423         
46  (50, 30)                 relu             1           adam         0.970960            0.012814           0.961279            0.017086         
47  (50, 30)                 relu             1           lbfgs        0.969697            0.018210           0.960017            0.023700         
-------------------------------------------------------

Test accuracy : 0.980
Test f1-score : 0.978
