Fitting 8 folds for each of 144 candidates, totalling 1152 fits
-------------------------------------------------------
Validation results
The model : Perceptron
The best parameters : {'eta0': 0.1, 'alpha': 0.001, 'penalty': 'l1'}
Mean accuracy and macro f1-score with 2 sigma interval on validation sets
Accuracy: 0.885+/-0.095
f1-score: 0.851+/-0.120
-------------------------------------------------------

-------------------------------------------------------
The model : Perceptron
All grid-search validation results.
    param_eta0 param_alpha param_penalty  mean_test_accuracy  std_test_accuracy  mean_test_f1_macro  std_test_f1_macro
0    1e-05      1e-06       None          0.779040            0.031717           0.731968            0.033631         
1    1e-05      1e-06       l1            0.780303            0.025126           0.732684            0.027059         
2    1e-05      1e-06       l2            0.779040            0.031717           0.731968            0.033631         
3    1e-05      1e-06       elasticnet    0.779040            0.031717           0.731968            0.033631         
4    0.0001     1e-06       None          0.779040            0.031717           0.731968            0.033631         
5    0.0001     1e-06       l1            0.780303            0.025126           0.732684            0.027059         
6    0.0001     1e-06       l2            0.779040            0.031717           0.731968            0.033631         
7    0.0001     1e-06       elasticnet    0.779040            0.031717           0.731968            0.033631         
8    0.001      1e-06       None          0.819444            0.042985           0.779756            0.039825         
9    0.001      1e-06       l1            0.823232            0.043446           0.782912            0.041645         
10   0.001      1e-06       l2            0.819444            0.042985           0.779756            0.039825         
11   0.001      1e-06       elasticnet    0.819444            0.042985           0.779756            0.039825         
12   0.01       1e-06       None          0.847222            0.037942           0.805093            0.045272         
13   0.01       1e-06       l1            0.845960            0.044246           0.803830            0.054553         
14   0.01       1e-06       l2            0.847222            0.037942           0.805093            0.045272         
15   0.01       1e-06       elasticnet    0.847222            0.037942           0.805093            0.045272         
16   0.1        1e-06       None          0.861111            0.033406           0.822475            0.040628         
17   0.1        1e-06       l1            0.862374            0.036747           0.823316            0.046236         
18   0.1        1e-06       l2            0.858586            0.033118           0.819823            0.041582         
19   0.1        1e-06       elasticnet    0.858586            0.033118           0.819823            0.041582         
20   1          1e-06       None          0.863636            0.035354           0.825000            0.042540         
21   1          1e-06       l1            0.864899            0.037773           0.825842            0.047164         
22   1          1e-06       l2            0.868687            0.028570           0.831229            0.036775         
23   1          1e-06       elasticnet    0.868687            0.028570           0.831229            0.036775         
24   1e-05      1e-05       None          0.779040            0.031717           0.731968            0.033631         
25   1e-05      1e-05       l1            0.785354            0.027547           0.734049            0.031890         
26   1e-05      1e-05       l2            0.779040            0.031717           0.731968            0.033631         
27   1e-05      1e-05       elasticnet    0.779040            0.031717           0.731968            0.033631         
28   0.0001     1e-05       None          0.779040            0.031717           0.731968            0.033631         
29   0.0001     1e-05       l1            0.785354            0.027547           0.734049            0.031890         
30   0.0001     1e-05       l2            0.779040            0.031717           0.731968            0.033631         
31   0.0001     1e-05       elasticnet    0.779040            0.031717           0.731968            0.033631         
32   0.001      1e-05       None          0.819444            0.042985           0.779756            0.039825         
33   0.001      1e-05       l1            0.799242            0.041781           0.752431            0.043180         
34   0.001      1e-05       l2            0.819444            0.042985           0.779756            0.039825         
35   0.001      1e-05       elasticnet    0.819444            0.042985           0.779756            0.039825         
36   0.01       1e-05       None          0.847222            0.037942           0.805093            0.045272         
37   0.01       1e-05       l1            0.854798            0.012307           0.815516            0.017220         
38   0.01       1e-05       l2            0.845960            0.038381           0.804335            0.047187         
39   0.01       1e-05       elasticnet    0.845960            0.038381           0.804335            0.047187         
40   0.1        1e-05       None          0.861111            0.033406           0.822475            0.040628         
41   0.1        1e-05       l1            0.864899            0.019520           0.827231            0.023342         
42   0.1        1e-05       l2            0.863636            0.029013           0.826810            0.037165         
43   0.1        1e-05       elasticnet    0.863636            0.029013           0.826810            0.037165         
44   1          1e-05       None          0.863636            0.035354           0.825000            0.042540         
45   1          1e-05       l1            0.863636            0.019561           0.825908            0.023353         
46   1          1e-05       l2            0.883838            0.032339           0.854167            0.038975         
47   1          1e-05       elasticnet    0.883838            0.032339           0.854167            0.038975         
48   1e-05      0.0001      None          0.779040            0.031717           0.731968            0.033631         
49   1e-05      0.0001      l1            0.776515            0.046409           0.724527            0.048513         
50   1e-05      0.0001      l2            0.779040            0.031717           0.731968            0.033631         
51   1e-05      0.0001      elasticnet    0.779040            0.031717           0.731968            0.033631         
52   0.0001     0.0001      None          0.779040            0.031717           0.731968            0.033631         
53   0.0001     0.0001      l1            0.776515            0.046409           0.724527            0.048513         
54   0.0001     0.0001      l2            0.779040            0.031717           0.731968            0.033631         
55   0.0001     0.0001      elasticnet    0.779040            0.031717           0.731968            0.033631         
56   0.001      0.0001      None          0.819444            0.042985           0.779756            0.039825         
57   0.001      0.0001      l1            0.837121            0.043281           0.790572            0.053099         
58   0.001      0.0001      l2            0.821970            0.042237           0.782155            0.040692         
59   0.001      0.0001      elasticnet    0.821970            0.042237           0.782155            0.040692         
60   0.01       0.0001      None          0.847222            0.037942           0.805093            0.045272         
61   0.01       0.0001      l1            0.856061            0.030198           0.816793            0.036647         
62   0.01       0.0001      l2            0.847222            0.039587           0.808189            0.048751         
63   0.01       0.0001      elasticnet    0.847222            0.039587           0.808189            0.048751         
64   0.1        0.0001      None          0.861111            0.033406           0.822475            0.040628         
65   0.1        0.0001      l1            0.863636            0.034254           0.827315            0.040938         
66   0.1        0.0001      l2            0.871212            0.037370           0.841330            0.042968         
67   0.1        0.0001      elasticnet    0.871212            0.037370           0.841330            0.042968         
68   1          0.0001      None          0.863636            0.035354           0.825000            0.042540         
69   1          0.0001      l1            0.863636            0.029879           0.826978            0.035782         
70   1          0.0001      l2            0.796717            0.055426           0.751529            0.056372         
71   1          0.0001      elasticnet    0.796717            0.055426           0.751529            0.056372         
72   1e-05      0.001       None          0.779040            0.031717           0.731968            0.033631         
73   1e-05      0.001       l1            0.848485            0.042556           0.807323            0.049813         
74   1e-05      0.001       l2            0.779040            0.031717           0.731968            0.033631         
75   1e-05      0.001       elasticnet    0.779040            0.031717           0.731968            0.033631         
76   0.0001     0.001       None          0.779040            0.031717           0.731968            0.033631         
77   0.0001     0.001       l1            0.848485            0.042556           0.807323            0.049813         
78   0.0001     0.001       l2            0.779040            0.030902           0.732726            0.032446         
79   0.0001     0.001       elasticnet    0.779040            0.030902           0.732726            0.032446         
80   0.001      0.001       None          0.819444            0.042985           0.779756            0.039825         
81   0.001      0.001       l1            0.875000            0.027168           0.840572            0.034412         
82   0.001      0.001       l2            0.824495            0.040067           0.783544            0.040630         
83   0.001      0.001       elasticnet    0.824495            0.040067           0.783544            0.040630         
84   0.01       0.001       None          0.847222            0.037942           0.805093            0.045272         
85   0.01       0.001       l1            0.885101            0.042237           0.850379            0.054930         
86   0.01       0.001       l2            0.862374            0.035331           0.827820            0.040634         
87   0.01       0.001       elasticnet    0.862374            0.035331           0.827820            0.040634         
88   0.1        0.001       None          0.861111            0.033406           0.822475            0.040628         
89   0.1        0.001       l1            0.885101            0.047630           0.850884            0.060148         
90   0.1        0.001       l2            0.797980            0.048966           0.755073            0.049646         
91   0.1        0.001       elasticnet    0.797980            0.048966           0.755073            0.049646         
92   1          0.001       None          0.863636            0.035354           0.825000            0.042540         
93   1          0.001       l1            0.882576            0.049726           0.848779            0.062481         
94   1          0.001       l2            0.593434            0.060553           0.522832            0.059461         
95   1          0.001       elasticnet    0.593434            0.060553           0.522832            0.059461         
96   1e-05      0.01        None          0.779040            0.031717           0.731968            0.033631         
97   1e-05      0.01        l1            0.452020            0.030198           0.353480            0.031655         
98   1e-05      0.01        l2            0.779040            0.030902           0.732726            0.032446         
99   1e-05      0.01        elasticnet    0.779040            0.030902           0.732726            0.032446         
100  0.0001     0.01        None          0.779040            0.031717           0.731968            0.033631         
101  0.0001     0.01        l1            0.452020            0.030198           0.353480            0.031655         
102  0.0001     0.01        l2            0.776515            0.026455           0.730014            0.028908         
103  0.0001     0.01        elasticnet    0.776515            0.026455           0.730014            0.028908         
104  0.001      0.01        None          0.819444            0.042985           0.779756            0.039825         
105  0.001      0.01        l1            0.429293            0.029449           0.340258            0.033473         
106  0.001      0.01        l2            0.789141            0.050615           0.742627            0.051869         
107  0.001      0.01        elasticnet    0.789141            0.050615           0.742627            0.051869         
108  0.01       0.01        None          0.847222            0.037942           0.805093            0.045272         
109  0.01       0.01        l1            0.421717            0.040953           0.335429            0.042829         
110  0.01       0.01        l2            0.799242            0.043574           0.752238            0.048766         
111  0.01       0.01        elasticnet    0.799242            0.043574           0.752238            0.048766         
112  0.1        0.01        None          0.861111            0.033406           0.822475            0.040628         
113  0.1        0.01        l1            0.315657            0.031439           0.254707            0.027178         
114  0.1        0.01        l2            0.602273            0.058012           0.530024            0.057889         
115  0.1        0.01        elasticnet    0.602273            0.058012           0.530024            0.057889         
116  1          0.01        None          0.863636            0.035354           0.825000            0.042540         
117  1          0.01        l1            0.295455            0.030617           0.238964            0.021780         
118  1          0.01        l2            0.252525            0.024742           0.174410            0.023740         
119  1          0.01        elasticnet    0.252525            0.024742           0.174410            0.023740         
120  1e-05      0.1         None          0.779040            0.031717           0.731968            0.033631         
121  1e-05      0.1         l1            0.010101            0.000000           0.000202            0.000000         
122  1e-05      0.1         l2            0.776515            0.026455           0.730014            0.028908         
123  1e-05      0.1         elasticnet    0.776515            0.026455           0.730014            0.028908         
124  0.0001     0.1         None          0.779040            0.031717           0.731968            0.033631         
125  0.0001     0.1         l1            0.010101            0.000000           0.000202            0.000000         
126  0.0001     0.1         l2            0.755051            0.033786           0.703517            0.035263         
127  0.0001     0.1         elasticnet    0.755051            0.033786           0.703517            0.035263         
128  0.001      0.1         None          0.819444            0.042985           0.779756            0.039825         
129  0.001      0.1         l1            0.010101            0.000000           0.000202            0.000000         
130  0.001      0.1         l2            0.751263            0.062662           0.705365            0.064722         
131  0.001      0.1         elasticnet    0.751263            0.062662           0.705365            0.064722         
132  0.01       0.1         None          0.847222            0.037942           0.805093            0.045272         
133  0.01       0.1         l1            0.010101            0.000000           0.000202            0.000000         
134  0.01       0.1         l2            0.607323            0.037942           0.529681            0.039299         
135  0.01       0.1         elasticnet    0.607323            0.037942           0.529681            0.039299         
136  0.1        0.1         None          0.861111            0.033406           0.822475            0.040628         
137  0.1        0.1         l1            0.010101            0.000000           0.000202            0.000000         
138  0.1        0.1         l2            0.257576            0.033880           0.178538            0.028092         
139  0.1        0.1         elasticnet    0.257576            0.033880           0.178538            0.028092         
140  1          0.1         None          0.863636            0.035354           0.825000            0.042540         
141  1          0.1         l1            0.010101            0.000000           0.000202            0.000000         
142  1          0.1         l2            0.074495            0.012307           0.030511            0.006237         
143  1          0.1         elasticnet    0.074495            0.012307           0.030511            0.006237         
-------------------------------------------------------

Test accuracy : 0.899
Test f1-score : 0.887
