Fitting 8 folds for each of 72 candidates, totalling 576 fits
-------------------------------------------------------
Validation results
The model : Random Forest
The best parameters : {'max_depth': 50, 'criterion': 'gini', 'n_estimators': 500}
Mean accuracy and macro f1-score with 2 sigma interval on validation sets
Accuracy: 0.982+/-0.032
f1-score: 0.976+/-0.042
-------------------------------------------------------

-------------------------------------------------------
The model : Random Forest
All grid-search validation results.
   param_max_depth param_criterion param_n_estimators  mean_test_accuracy  std_test_accuracy  mean_test_f1_macro  std_test_f1_macro
0   10              gini            50                 0.917929            0.022832           0.892466            0.029213         
1   10              gini            75                 0.924242            0.028120           0.901936            0.034724         
2   10              gini            100                0.945707            0.016703           0.928451            0.022063         
3   10              gini            200                0.954545            0.018897           0.940657            0.023805         
4   10              gini            300                0.957071            0.017312           0.944024            0.023625         
5   10              gini            500                0.960859            0.012814           0.947811            0.017086         
6   25              gini            50                 0.974747            0.018897           0.967172            0.023190         
7   25              gini            75                 0.972222            0.020044           0.963805            0.024956         
8   25              gini            100                0.972222            0.009780           0.962963            0.013040         
9   25              gini            200                0.974747            0.023689           0.967593            0.028666         
10  25              gini            300                0.974747            0.018897           0.967172            0.023190         
11  25              gini            500                0.974747            0.015971           0.966330            0.021295         
12  50              gini            50                 0.968434            0.011777           0.957912            0.015703         
13  50              gini            75                 0.976010            0.015099           0.968013            0.020132         
14  50              gini            100                0.973485            0.015099           0.964646            0.020132         
15  50              gini            200                0.979798            0.013362           0.973064            0.017817         
16  50              gini            300                0.978535            0.012814           0.971380            0.017086         
17  50              gini            500                0.982323            0.015770           0.976431            0.021027         
18  75              gini            50                 0.963384            0.014229           0.951599            0.018283         
19  75              gini            75                 0.970960            0.012814           0.961279            0.017086         
20  75              gini            100                0.973485            0.015921           0.964646            0.021228         
21  75              gini            200                0.976010            0.015099           0.968855            0.018112         
22  75              gini            300                0.981061            0.011777           0.974747            0.015703         
23  75              gini            500                0.977273            0.011007           0.969697            0.014676         
24  100             gini            50                 0.967172            0.021278           0.957071            0.027905         
25  100             gini            75                 0.976010            0.014229           0.968434            0.018514         
26  100             gini            100                0.972222            0.018034           0.963384            0.024012         
27  100             gini            200                0.977273            0.013122           0.969697            0.017495         
28  100             gini            300                0.974747            0.015971           0.967172            0.019470         
29  100             gini            500                0.982323            0.012111           0.976431            0.016148         
30  200             gini            50                 0.962121            0.021869           0.950337            0.028755         
31  200             gini            75                 0.968434            0.015515           0.958123            0.020575         
32  200             gini            100                0.972222            0.014940           0.963384            0.019301         
33  200             gini            200                0.977273            0.009780           0.969697            0.013040         
34  200             gini            300                0.979798            0.015152           0.973064            0.020202         
35  200             gini            500                0.976010            0.015099           0.968013            0.020132         
36  10              entropy         50                 0.945707            0.018855           0.929714            0.023819         
37  10              entropy         75                 0.955808            0.015921           0.941919            0.020114         
38  10              entropy         100                0.963384            0.026695           0.952441            0.033856         
39  10              entropy         200                0.963384            0.021978           0.951599            0.028863         
40  10              entropy         300                0.962121            0.023006           0.951178            0.028471         
41  10              entropy         500                0.960859            0.022832           0.949916            0.027376         
42  25              entropy         50                 0.950758            0.021090           0.936448            0.026213         
43  25              entropy         75                 0.955808            0.022551           0.942340            0.028789         
44  25              entropy         100                0.959596            0.025753           0.948653            0.031439         
45  25              entropy         200                0.960859            0.019190           0.948864            0.024540         
46  25              entropy         300                0.964646            0.020202           0.954125            0.026023         
47  25              entropy         500                0.960859            0.024451           0.949916            0.029757         
48  50              entropy         50                 0.948232            0.018514           0.931608            0.024526         
49  50              entropy         75                 0.955808            0.018166           0.942971            0.021665         
50  50              entropy         100                0.960859            0.023384           0.948232            0.030994         
51  50              entropy         200                0.959596            0.022015           0.946970            0.029001         
52  50              entropy         300                0.964646            0.022015           0.953283            0.029083         
53  50              entropy         500                0.959596            0.024742           0.948232            0.030300         
54  75              entropy         50                 0.949495            0.025753           0.933923            0.031402         
55  75              entropy         75                 0.958333            0.022832           0.946128            0.027611         
56  75              entropy         100                0.950758            0.017812           0.936448            0.021978         
57  75              entropy         200                0.960859            0.024451           0.949495            0.030813         
58  75              entropy         300                0.962121            0.021869           0.951599            0.026240         
59  75              entropy         500                0.962121            0.023006           0.951599            0.028616         
60  100             entropy         50                 0.952020            0.021869           0.937921            0.026478         
61  100             entropy         75                 0.953283            0.026213           0.939394            0.032947         
62  100             entropy         100                0.964646            0.020824           0.954125            0.025859         
63  100             entropy         200                0.959596            0.020824           0.946549            0.027376         
64  100             entropy         300                0.964646            0.023689           0.954545            0.028570         
65  100             entropy         500                0.959596            0.021427           0.948232            0.025639         
66  200             entropy         50                 0.953283            0.017450           0.938973            0.022941         
67  200             entropy         75                 0.955808            0.020785           0.942340            0.026748         
68  200             entropy         100                0.964646            0.022587           0.953704            0.029581         
69  200             entropy         200                0.958333            0.022267           0.946338            0.026994         
70  200             entropy         300                0.964646            0.023144           0.954545            0.027765         
71  200             entropy         500                0.962121            0.023006           0.951599            0.027505         
-------------------------------------------------------

Test accuracy : 0.995
Test f1-score : 0.995
