Fitting 8 folds for each of 72 candidates, totalling 576 fits
-------------------------------------------------------
Validation results
The model : Random Forest
The best parameters : {'criterion': 'gini', 'max_depth': 100, 'n_estimators': 500}
Mean accuracy and macro f1-score with 2 sigma interval on validation sets
Accuracy: 0.979+/-0.031
f1-score: 0.972+/-0.040
-------------------------------------------------------

-------------------------------------------------------
The model : Random Forest
All grid-search validation results.
   param_criterion param_max_depth param_n_estimators  mean_test_accuracy  std_test_accuracy  mean_test_f1_macro  std_test_f1_macro
0   gini            10              50                 0.914141            0.030721           0.889731            0.039112         
1   gini            10              75                 0.943182            0.026213           0.925295            0.033858         
2   gini            10              100                0.948232            0.013774           0.931608            0.017555         
3   gini            10              200                0.945707            0.014229           0.928030            0.018205         
4   gini            10              300                0.954545            0.022015           0.940025            0.028668         
5   gini            10              500                0.957071            0.017312           0.943813            0.022695         
6   gini            25              50                 0.959596            0.015971           0.946759            0.021060         
7   gini            25              75                 0.969697            0.011293           0.960438            0.015221         
8   gini            25              100                0.972222            0.011007           0.964226            0.014957         
9   gini            25              200                0.968434            0.016317           0.958754            0.021934         
10  gini            25              300                0.977273            0.013122           0.969697            0.017495         
11  gini            25              500                0.973485            0.015099           0.965067            0.020057         
12  gini            50              50                 0.967172            0.011007           0.956650            0.015192         
13  gini            50              75                 0.969697            0.010101           0.960017            0.013514         
14  gini            50              100                0.959596            0.015152           0.946128            0.020202         
15  gini            50              200                0.973485            0.013303           0.964857            0.017525         
16  gini            50              300                0.972222            0.013122           0.962963            0.017495         
17  gini            50              500                0.973485            0.010022           0.965067            0.013249         
18  gini            75              50                 0.960859            0.015515           0.948653            0.020394         
19  gini            75              75                 0.969697            0.008748           0.960438            0.011262         
20  gini            75              100                0.970960            0.017812           0.962121            0.023006         
21  gini            75              200                0.974747            0.019561           0.966540            0.025814         
22  gini            75              300                0.972222            0.015770           0.962963            0.021027         
23  gini            75              500                0.973485            0.013303           0.965067            0.017652         
24  gini            100             50                 0.964646            0.021427           0.953914            0.028157         
25  gini            100             75                 0.964646            0.019561           0.952862            0.026081         
26  gini            100             100                0.969697            0.016751           0.960017            0.021849         
27  gini            100             200                0.970960            0.006055           0.963173            0.008351         
28  gini            100             300                0.970960            0.013774           0.962332            0.018248         
29  gini            100             500                0.978535            0.015515           0.971801            0.020198         
30  gini            200             50                 0.962121            0.020670           0.950337            0.027496         
31  gini            200             75                 0.968434            0.009364           0.958333            0.012133         
32  gini            200             100                0.970960            0.021090           0.961700            0.028318         
33  gini            200             200                0.976010            0.017450           0.968013            0.023266         
34  gini            200             300                0.973485            0.012307           0.965488            0.016300         
35  gini            200             500                0.976010            0.012307           0.968434            0.016230         
36  entropy         10              50                 0.960859            0.015515           0.948232            0.020127         
37  entropy         10              75                 0.958333            0.017080           0.945707            0.021654         
38  entropy         10              100                0.963384            0.016703           0.952231            0.021820         
39  entropy         10              200                0.967172            0.016559           0.957071            0.021477         
40  entropy         10              300                0.970960            0.017812           0.961700            0.023263         
41  entropy         10              500                0.968434            0.014670           0.958754            0.018803         
42  entropy         25              50                 0.955808            0.017450           0.942551            0.022054         
43  entropy         25              75                 0.950758            0.018514           0.934975            0.024784         
44  entropy         25              100                0.963384            0.019520           0.952020            0.025238         
45  entropy         25              200                0.968434            0.015515           0.958333            0.020198         
46  entropy         25              300                0.969697            0.015152           0.960017            0.019951         
47  entropy         25              500                0.972222            0.018728           0.963805            0.024207         
48  entropy         50              50                 0.952020            0.014940           0.937921            0.019148         
49  entropy         50              75                 0.962121            0.012111           0.950126            0.016407         
50  entropy         50              100                0.968434            0.015515           0.958333            0.020198         
51  entropy         50              200                0.970960            0.016317           0.961911            0.021476         
52  entropy         50              300                0.960859            0.015515           0.949074            0.020092         
53  entropy         50              500                0.970960            0.014670           0.962121            0.019542         
54  entropy         75              50                 0.958333            0.015515           0.945707            0.020303         
55  entropy         75              75                 0.963384            0.012307           0.952652            0.015485         
56  entropy         75              100                0.963384            0.022551           0.952652            0.029575         
57  entropy         75              200                0.969697            0.007142           0.960017            0.009588         
58  entropy         75              300                0.974747            0.015152           0.966751            0.019808         
59  entropy         75              500                0.970960            0.014670           0.962542            0.019227         
60  entropy         100             50                 0.960859            0.021686           0.948653            0.027701         
61  entropy         100             75                 0.963384            0.023110           0.952020            0.030151         
62  entropy         100             100                0.963384            0.020163           0.952441            0.026482         
63  entropy         100             200                0.969697            0.015971           0.960859            0.019986         
64  entropy         100             300                0.970960            0.015515           0.962121            0.019830         
65  entropy         100             500                0.973485            0.015921           0.965488            0.020533         
66  entropy         200             50                 0.952020            0.015770           0.936869            0.021211         
67  entropy         200             75                 0.959596            0.014285           0.947391            0.018817         
68  entropy         200             100                0.965909            0.014229           0.955387            0.017896         
69  entropy         200             200                0.968434            0.013774           0.958333            0.017812         
70  entropy         200             300                0.972222            0.018034           0.964226            0.023923         
71  entropy         200             500                0.970960            0.010639           0.962121            0.013754         
-------------------------------------------------------

Test accuracy : 0.970
Test f1-score : 0.968
