Fitting 8 folds for each of 42 candidates, totalling 336 fits
-------------------------------------------------------
Validation results
The model : Support Vector Machine (SVM)
The best parameters : {'gamma': 0.0031622776601683794, 'C': 5, 'kernel': 'rbf'}
Mean accuracy and macro f1-score with 2 sigma interval on validation sets
Accuracy: 0.987+/-0.020
f1-score: 0.983+/-0.026
-------------------------------------------------------

-------------------------------------------------------
The model : Support Vector Machine (SVM)
All grid-search validation results.
   param_gamma param_C param_kernel  mean_test_accuracy  std_test_accuracy  mean_test_f1_macro  std_test_f1_macro
0   0.001       0.01    rbf          0.962121            0.012111           0.949495            0.016148         
1   0.00177828  0.01    rbf          0.968434            0.011777           0.957912            0.015703         
2   0.00316228  0.01    rbf          0.970960            0.011777           0.961279            0.015703         
3   0.00562341  0.01    rbf          0.979798            0.010101           0.973064            0.013468         
4   0.01        0.01    rbf          0.969697            0.017495           0.960522            0.022096         
5   scale       0.01    rbf          0.978535            0.009364           0.971380            0.012485         
6   auto        0.01    rbf          0.978535            0.009364           0.971380            0.012485         
7   0.001       0.1     rbf          0.962121            0.012111           0.949495            0.016148         
8   0.00177828  0.1     rbf          0.968434            0.011777           0.957912            0.015703         
9   0.00316228  0.1     rbf          0.970960            0.011777           0.961279            0.015703         
10  0.00562341  0.1     rbf          0.979798            0.010101           0.973064            0.013468         
11  0.01        0.1     rbf          0.969697            0.017495           0.960522            0.022096         
12  scale       0.1     rbf          0.978535            0.009364           0.971380            0.012485         
13  auto        0.1     rbf          0.978535            0.009364           0.971380            0.012485         
14  0.001       1       rbf          0.967172            0.012111           0.956229            0.016148         
15  0.00177828  1       rbf          0.976010            0.011222           0.968013            0.014963         
16  0.00316228  1       rbf          0.982323            0.013122           0.976431            0.017495         
17  0.00562341  1       rbf          0.983586            0.013303           0.978325            0.017362         
18  0.01        1       rbf          0.979798            0.015971           0.973485            0.020631         
19  scale       1       rbf          0.983586            0.013303           0.978325            0.017362         
20  auto        1       rbf          0.983586            0.013303           0.978325            0.017362         
21  0.001       2       rbf          0.976010            0.011222           0.968013            0.014963         
22  0.00177828  2       rbf          0.983586            0.010022           0.978114            0.013362         
23  0.00316228  2       rbf          0.984848            0.012371           0.980008            0.016069         
24  0.00562341  2       rbf          0.986111            0.011222           0.981481            0.014963         
25  0.01        2       rbf          0.981061            0.013774           0.975168            0.017712         
26  scale       2       rbf          0.986111            0.011222           0.981481            0.014963         
27  auto        2       rbf          0.986111            0.011222           0.981481            0.014963         
28  0.001       5       rbf          0.983586            0.015099           0.978325            0.019659         
29  0.00177828  5       rbf          0.984848            0.012371           0.979798            0.016495         
30  0.00316228  5       rbf          0.987374            0.009780           0.983165            0.013040         
31  0.00562341  5       rbf          0.987374            0.009780           0.983165            0.013040         
32  0.01        5       rbf          0.981061            0.013774           0.975168            0.017712         
33  scale       5       rbf          0.987374            0.009780           0.983165            0.013040         
34  auto        5       rbf          0.987374            0.009780           0.983165            0.013040         
35  0.001       10      rbf          0.984848            0.012371           0.979798            0.016495         
36  0.00177828  10      rbf          0.987374            0.009780           0.983165            0.013040         
37  0.00316228  10      rbf          0.987374            0.009780           0.983165            0.013040         
38  0.00562341  10      rbf          0.987374            0.009780           0.983165            0.013040         
39  0.01        10      rbf          0.981061            0.013774           0.975168            0.017712         
40  scale       10      rbf          0.987374            0.009780           0.983165            0.013040         
41  auto        10      rbf          0.987374            0.009780           0.983165            0.013040         
-------------------------------------------------------

Test accuracy : 0.980
Test f1-score : 0.978




Parameters set : {'kernel': 'rbf', 'C': 5, 'gamma': 0.003}
-------------------------------------------------------
Validation results
The model : Support Vector Machine (SVM)
The best parameters : {'kernel': 'rbf', 'C': 5, 'gamma': 0.003}
Mean accuracy and macro f1-score with 2 sigma interval on validation sets
Accuracy: 0.990+/-0.014
f1-score: 0.987+/-0.019
-------------------------------------------------------

-------------------------------------------------------
The model : Support Vector Machine (SVM)
All grid-search validation results.
  param_kernel param_C param_gamma  mean_test_accuracy  std_test_accuracy  mean_test_f1_macro  std_test_f1_macro
0  rbf          5       0.003       0.989899            0.007142           0.986532            0.009523         
-------------------------------------------------------

Test accuracy : 0.985
Test f1-score : 0.984
