Fitting 8 folds for each of 42 candidates, totalling 336 fits
-------------------------------------------------------
Validation results
The model : Support Vector Machine (SVM)
The best parameters : {'C': 2, 'kernel': 'rbf', 'gamma': 'scale'}
Mean accuracy and macro f1-score with 2 sigma interval on validation sets
Accuracy: 0.981+/-0.021
f1-score: 0.975+/-0.028
-------------------------------------------------------

-------------------------------------------------------
The model : Support Vector Machine (SVM)
All grid-search validation results.
   param_C param_kernel param_gamma  mean_test_accuracy  std_test_accuracy  mean_test_f1_macro  std_test_f1_macro
0   0.01    rbf          0.001       0.906566            0.030198           0.878577            0.038181         
1   0.01    rbf          0.00177828  0.905303            0.030277           0.876894            0.038283         
2   0.01    rbf          0.00316228  0.909091            0.027663           0.881944            0.034619         
3   0.01    rbf          0.00562341  0.914141            0.026725           0.888258            0.033511         
4   0.01    rbf          0.01        0.925505            0.023110           0.903199            0.029401         
5   0.01    rbf          scale       0.952020            0.020044           0.937079            0.025875         
6   0.01    rbf          auto        0.952020            0.020044           0.937079            0.025875         
7   0.1     rbf          0.001       0.906566            0.030198           0.878577            0.038181         
8   0.1     rbf          0.00177828  0.905303            0.030277           0.876894            0.038283         
9   0.1     rbf          0.00316228  0.909091            0.027663           0.881944            0.034619         
10  0.1     rbf          0.00562341  0.914141            0.026725           0.888258            0.033511         
11  0.1     rbf          0.01        0.925505            0.023110           0.903199            0.029401         
12  0.1     rbf          scale       0.952020            0.020044           0.937079            0.025875         
13  0.1     rbf          auto        0.952020            0.020044           0.937079            0.025875         
14  1       rbf          0.001       0.906566            0.030198           0.878577            0.038181         
15  1       rbf          0.00177828  0.905303            0.030277           0.876894            0.038283         
16  1       rbf          0.00316228  0.910354            0.026455           0.883628            0.033166         
17  1       rbf          0.00562341  0.922980            0.023655           0.899621            0.030056         
18  1       rbf          0.01        0.949495            0.015971           0.932660            0.021295         
19  1       rbf          scale       0.973485            0.015099           0.965067            0.019483         
20  1       rbf          auto        0.973485            0.015099           0.965067            0.019483         
21  2       rbf          0.001       0.906566            0.030198           0.878577            0.038181         
22  2       rbf          0.00177828  0.907828            0.029205           0.880261            0.036869         
23  2       rbf          0.00316228  0.926768            0.020670           0.904461            0.026655         
24  2       rbf          0.00562341  0.950758            0.017080           0.935185            0.021999         
25  2       rbf          0.01        0.973485            0.012307           0.965067            0.015606         
26  2       rbf          scale       0.981061            0.010639           0.974747            0.014185         
27  2       rbf          auto        0.981061            0.010639           0.974747            0.014185         
28  5       rbf          0.001       0.914141            0.028120           0.888258            0.035742         
29  5       rbf          0.00177828  0.943182            0.021978           0.924242            0.029305         
30  5       rbf          0.00316228  0.963384            0.011222           0.951599            0.014079         
31  5       rbf          0.00562341  0.968434            0.014670           0.958754            0.018803         
32  5       rbf          0.01        0.976010            0.012307           0.968434            0.015877         
33  5       rbf          scale       0.979798            0.014285           0.973485            0.018166         
34  5       rbf          auto        0.979798            0.014285           0.973485            0.018166         
35  10      rbf          0.001       0.949495            0.021427           0.933081            0.027583         
36  10      rbf          0.00177828  0.969697            0.008748           0.960017            0.010705         
37  10      rbf          0.00316228  0.969697            0.014285           0.960017            0.018475         
38  10      rbf          0.00562341  0.976010            0.012307           0.968434            0.015877         
39  10      rbf          0.01        0.979798            0.010101           0.973064            0.013468         
40  10      rbf          scale       0.978535            0.013774           0.971801            0.017490         
41  10      rbf          auto        0.978535            0.013774           0.971801            0.017490         
-------------------------------------------------------

Test accuracy : 0.975
Test f1-score : 0.970
