Fitting 8 folds for each of 252 candidates, totalling 2016 fits
-------------------------------------------------------
Validation results
The model : Support Vector Machine (SVM)
The best parameters : {'C': 10, 'gamma': 0.001, 'coef0': 0, 'kernel': 'sigmoid'}
Mean accuracy and macro f1-score with 2 sigma interval on validation sets
Accuracy: 0.984+/-0.032
f1-score: 0.978+/-0.042
-------------------------------------------------------

-------------------------------------------------------
The model : Support Vector Machine (SVM)
All grid-search validation results.
    param_C param_gamma param_coef0 param_kernel  mean_test_accuracy  std_test_accuracy  mean_test_f1_macro  std_test_f1_macro
0    0.01    0.001       0           sigmoid      0.957071            0.018728           0.942761            0.024970         
1    0.01    0.00177828  0           sigmoid      0.955808            0.016703           0.941288            0.022070         
2    0.01    0.00316228  0           sigmoid      0.946970            0.013122           0.930976            0.016300         
3    0.01    0.00562341  0           sigmoid      0.920455            0.034785           0.903788            0.041325         
4    0.01    0.01        0           sigmoid      0.837121            0.024451           0.811827            0.028864         
5    0.01    scale       0           sigmoid      0.930556            0.023923           0.914184            0.029619         
6    0.01    auto        0           sigmoid      0.929293            0.023689           0.912500            0.029090         
7    0.01    0.001       2           sigmoid      0.958333            0.015515           0.945076            0.020393         
8    0.01    0.00177828  2           sigmoid      0.958333            0.015515           0.944865            0.020597         
9    0.01    0.00316228  2           sigmoid      0.935606            0.023655           0.916120            0.031689         
10   0.01    0.00562341  2           sigmoid      0.882576            0.029422           0.848359            0.039954         
11   0.01    0.01        2           sigmoid      0.767677            0.027198           0.703935            0.034119         
12   0.01    scale       2           sigmoid      0.893939            0.025253           0.863510            0.034040         
13   0.01    auto        2           sigmoid      0.895202            0.025221           0.864773            0.034146         
14   0.01    0.001       4           sigmoid      0.958333            0.015515           0.945076            0.020393         
15   0.01    0.00177828  4           sigmoid      0.957071            0.014940           0.943182            0.019862         
16   0.01    0.00316228  4           sigmoid      0.933081            0.023110           0.912753            0.030777         
17   0.01    0.00562341  4           sigmoid      0.881313            0.029341           0.846338            0.040152         
18   0.01    0.01        4           sigmoid      0.758838            0.029638           0.692322            0.037954         
19   0.01    scale       4           sigmoid      0.885101            0.030695           0.851389            0.041617         
20   0.01    auto        4           sigmoid      0.885101            0.030695           0.851389            0.041617         
21   0.01    0.001       6           sigmoid      0.958333            0.015515           0.945076            0.020393         
22   0.01    0.00177828  6           sigmoid      0.957071            0.014940           0.942971            0.019820         
23   0.01    0.00316228  6           sigmoid      0.933081            0.023110           0.912753            0.030777         
24   0.01    0.00562341  6           sigmoid      0.880051            0.031312           0.845076            0.042032         
25   0.01    0.01        6           sigmoid      0.757576            0.029879           0.691041            0.038369         
26   0.01    scale       6           sigmoid      0.887626            0.026455           0.854756            0.036036         
27   0.01    auto        6           sigmoid      0.883838            0.029879           0.849916            0.040615         
28   0.01    0.001       8           sigmoid      0.815657            0.025629           0.765699            0.030516         
29   0.01    0.00177828  8           sigmoid      0.885101            0.025722           0.850884            0.032732         
30   0.01    0.00316228  8           sigmoid      0.882576            0.033094           0.851816            0.042089         
31   0.01    0.00562341  8           sigmoid      0.834596            0.024188           0.795412            0.027857         
32   0.01    0.01        8           sigmoid      0.723485            0.028092           0.649224            0.032843         
33   0.01    scale       8           sigmoid      0.852273            0.027168           0.813173            0.036538         
34   0.01    auto        8           sigmoid      0.849747            0.026933           0.810251            0.035279         
35   0.01    0.001       10          sigmoid      0.720960            0.027168           0.669566            0.029715         
36   0.01    0.00177828  10          sigmoid      0.717172            0.028120           0.664516            0.030831         
37   0.01    0.00316228  10          sigmoid      0.756313            0.022267           0.707377            0.023924         
38   0.01    0.00562341  10          sigmoid      0.799242            0.019190           0.745773            0.024835         
39   0.01    0.01        10          sigmoid      0.748737            0.049080           0.682786            0.060035         
40   0.01    scale       10          sigmoid      0.805556            0.021278           0.751605            0.027007         
41   0.01    auto        10          sigmoid      0.806818            0.021090           0.753289            0.026738         
42   0.1     0.001       0           sigmoid      0.957071            0.018728           0.942761            0.024970         
43   0.1     0.00177828  0           sigmoid      0.955808            0.016703           0.941288            0.022070         
44   0.1     0.00316228  0           sigmoid      0.946970            0.013122           0.930976            0.016300         
45   0.1     0.00562341  0           sigmoid      0.920455            0.034785           0.903788            0.041325         
46   0.1     0.01        0           sigmoid      0.837121            0.024451           0.811827            0.028864         
47   0.1     scale       0           sigmoid      0.930556            0.023923           0.914184            0.029619         
48   0.1     auto        0           sigmoid      0.929293            0.023689           0.912500            0.029090         
49   0.1     0.001       2           sigmoid      0.958333            0.015515           0.945076            0.020393         
50   0.1     0.00177828  2           sigmoid      0.958333            0.015515           0.944865            0.020597         
51   0.1     0.00316228  2           sigmoid      0.935606            0.023655           0.916120            0.031689         
52   0.1     0.00562341  2           sigmoid      0.882576            0.029422           0.848359            0.039954         
53   0.1     0.01        2           sigmoid      0.767677            0.027198           0.703935            0.034119         
54   0.1     scale       2           sigmoid      0.893939            0.025253           0.863510            0.034040         
55   0.1     auto        2           sigmoid      0.895202            0.025221           0.864773            0.034146         
56   0.1     0.001       4           sigmoid      0.958333            0.015515           0.945076            0.020393         
57   0.1     0.00177828  4           sigmoid      0.957071            0.014940           0.943182            0.019862         
58   0.1     0.00316228  4           sigmoid      0.933081            0.023110           0.912753            0.030777         
59   0.1     0.00562341  4           sigmoid      0.881313            0.029341           0.846338            0.040152         
60   0.1     0.01        4           sigmoid      0.758838            0.029638           0.692322            0.037954         
61   0.1     scale       4           sigmoid      0.885101            0.030695           0.851389            0.041617         
62   0.1     auto        4           sigmoid      0.885101            0.030695           0.851389            0.041617         
63   0.1     0.001       6           sigmoid      0.958333            0.015515           0.945076            0.020393         
64   0.1     0.00177828  6           sigmoid      0.957071            0.014940           0.942971            0.019820         
65   0.1     0.00316228  6           sigmoid      0.933081            0.023110           0.912753            0.030777         
66   0.1     0.00562341  6           sigmoid      0.880051            0.031312           0.845076            0.042032         
67   0.1     0.01        6           sigmoid      0.757576            0.029879           0.691041            0.038369         
68   0.1     scale       6           sigmoid      0.887626            0.026455           0.854756            0.036036         
69   0.1     auto        6           sigmoid      0.883838            0.029879           0.849916            0.040615         
70   0.1     0.001       8           sigmoid      0.815657            0.025629           0.765699            0.030516         
71   0.1     0.00177828  8           sigmoid      0.885101            0.025722           0.850884            0.032732         
72   0.1     0.00316228  8           sigmoid      0.882576            0.033094           0.851816            0.042089         
73   0.1     0.00562341  8           sigmoid      0.834596            0.024188           0.795412            0.027857         
74   0.1     0.01        8           sigmoid      0.723485            0.028092           0.649224            0.032843         
75   0.1     scale       8           sigmoid      0.852273            0.027168           0.813173            0.036538         
76   0.1     auto        8           sigmoid      0.849747            0.026933           0.810251            0.035279         
77   0.1     0.001       10          sigmoid      0.720960            0.027168           0.669566            0.029715         
78   0.1     0.00177828  10          sigmoid      0.717172            0.028120           0.664516            0.030831         
79   0.1     0.00316228  10          sigmoid      0.756313            0.022267           0.707377            0.023924         
80   0.1     0.00562341  10          sigmoid      0.799242            0.019190           0.745773            0.024835         
81   0.1     0.01        10          sigmoid      0.748737            0.049080           0.682786            0.060035         
82   0.1     scale       10          sigmoid      0.805556            0.021278           0.751605            0.027007         
83   0.1     auto        10          sigmoid      0.806818            0.021090           0.753289            0.026738         
84   1       0.001       0           sigmoid      0.957071            0.018728           0.942761            0.024970         
85   1       0.00177828  0           sigmoid      0.960859            0.012814           0.948022            0.016907         
86   1       0.00316228  0           sigmoid      0.948232            0.013774           0.932870            0.017726         
87   1       0.00562341  0           sigmoid      0.924242            0.028120           0.910251            0.030946         
88   1       0.01        0           sigmoid      0.875000            0.026695           0.857576            0.029644         
89   1       scale       0           sigmoid      0.930556            0.022832           0.915783            0.026712         
90   1       auto        0           sigmoid      0.930556            0.022832           0.915362            0.026629         
91   1       0.001       2           sigmoid      0.958333            0.015515           0.945076            0.020393         
92   1       0.00177828  2           sigmoid      0.958333            0.015515           0.944865            0.020597         
93   1       0.00316228  2           sigmoid      0.934343            0.024221           0.914857            0.032142         
94   1       0.00562341  2           sigmoid      0.875000            0.034231           0.844300            0.043441         
95   1       0.01        2           sigmoid      0.753788            0.032707           0.699040            0.035945         
96   1       scale       2           sigmoid      0.882576            0.027634           0.856460            0.034068         
97   1       auto        2           sigmoid      0.883838            0.028120           0.857723            0.034433         
98   1       0.001       4           sigmoid      0.958333            0.015515           0.945076            0.020393         
99   1       0.00177828  4           sigmoid      0.957071            0.014940           0.943182            0.019862         
100  1       0.00316228  4           sigmoid      0.933081            0.023110           0.912753            0.030777         
101  1       0.00562341  4           sigmoid      0.881313            0.029341           0.846338            0.040152         
102  1       0.01        4           sigmoid      0.758838            0.029638           0.692322            0.037954         
103  1       scale       4           sigmoid      0.885101            0.030695           0.851389            0.041617         
104  1       auto        4           sigmoid      0.885101            0.030695           0.851389            0.041617         
105  1       0.001       6           sigmoid      0.958333            0.015515           0.945076            0.020393         
106  1       0.00177828  6           sigmoid      0.957071            0.014940           0.942971            0.019820         
107  1       0.00316228  6           sigmoid      0.933081            0.023110           0.912753            0.030777         
108  1       0.00562341  6           sigmoid      0.880051            0.031312           0.845076            0.042032         
109  1       0.01        6           sigmoid      0.757576            0.029879           0.691041            0.038369         
110  1       scale       6           sigmoid      0.887626            0.026455           0.854756            0.036036         
111  1       auto        6           sigmoid      0.883838            0.029879           0.849916            0.040615         
112  1       0.001       8           sigmoid      0.815657            0.025629           0.765699            0.030516         
113  1       0.00177828  8           sigmoid      0.885101            0.025722           0.850884            0.032732         
114  1       0.00316228  8           sigmoid      0.882576            0.033094           0.851816            0.042089         
115  1       0.00562341  8           sigmoid      0.834596            0.024188           0.795412            0.027857         
116  1       0.01        8           sigmoid      0.723485            0.028092           0.649224            0.032843         
117  1       scale       8           sigmoid      0.852273            0.027168           0.813173            0.036538         
118  1       auto        8           sigmoid      0.849747            0.026933           0.810251            0.035279         
119  1       0.001       10          sigmoid      0.720960            0.027168           0.669566            0.029715         
120  1       0.00177828  10          sigmoid      0.717172            0.028120           0.664516            0.030831         
121  1       0.00316228  10          sigmoid      0.756313            0.022267           0.707377            0.023924         
122  1       0.00562341  10          sigmoid      0.799242            0.019190           0.745773            0.024835         
123  1       0.01        10          sigmoid      0.748737            0.049080           0.682786            0.060035         
124  1       scale       10          sigmoid      0.805556            0.021278           0.751605            0.027007         
125  1       auto        10          sigmoid      0.806818            0.021090           0.753289            0.026738         
126  2       0.001       0           sigmoid      0.963384            0.014229           0.951178            0.018972         
127  2       0.00177828  0           sigmoid      0.969697            0.012371           0.959596            0.016495         
128  2       0.00316228  0           sigmoid      0.958333            0.015515           0.946212            0.020699         
129  2       0.00562341  0           sigmoid      0.920455            0.028318           0.907095            0.032035         
130  2       0.01        0           sigmoid      0.867424            0.030487           0.851078            0.033107         
131  2       scale       0           sigmoid      0.929293            0.027198           0.915362            0.032404         
132  2       auto        0           sigmoid      0.929293            0.027198           0.915362            0.032404         
133  2       0.001       2           sigmoid      0.958333            0.015515           0.945076            0.020393         
134  2       0.00177828  2           sigmoid      0.958333            0.015515           0.944865            0.020597         
135  2       0.00316228  2           sigmoid      0.934343            0.024221           0.915278            0.032343         
136  2       0.00562341  2           sigmoid      0.871212            0.037710           0.841519            0.046157         
137  2       0.01        2           sigmoid      0.753788            0.044300           0.702553            0.051035         
138  2       scale       2           sigmoid      0.881313            0.028458           0.855408            0.034825         
139  2       auto        2           sigmoid      0.882576            0.028985           0.856671            0.035220         
140  2       0.001       4           sigmoid      0.958333            0.015515           0.945076            0.020393         
141  2       0.00177828  4           sigmoid      0.957071            0.014940           0.943182            0.019862         
142  2       0.00316228  4           sigmoid      0.933081            0.023110           0.912753            0.030777         
143  2       0.00562341  4           sigmoid      0.881313            0.029341           0.846338            0.040152         
144  2       0.01        4           sigmoid      0.758838            0.029638           0.692322            0.037954         
145  2       scale       4           sigmoid      0.885101            0.030695           0.851389            0.041617         
146  2       auto        4           sigmoid      0.885101            0.030695           0.851389            0.041617         
147  2       0.001       6           sigmoid      0.958333            0.015515           0.945076            0.020393         
148  2       0.00177828  6           sigmoid      0.957071            0.014940           0.942971            0.019820         
149  2       0.00316228  6           sigmoid      0.933081            0.023110           0.912753            0.030777         
150  2       0.00562341  6           sigmoid      0.880051            0.031312           0.845076            0.042032         
151  2       0.01        6           sigmoid      0.757576            0.029879           0.691041            0.038369         
152  2       scale       6           sigmoid      0.887626            0.026455           0.854756            0.036036         
153  2       auto        6           sigmoid      0.883838            0.029879           0.849916            0.040615         
154  2       0.001       8           sigmoid      0.815657            0.025629           0.765699            0.030516         
155  2       0.00177828  8           sigmoid      0.885101            0.025722           0.850884            0.032732         
156  2       0.00316228  8           sigmoid      0.882576            0.033094           0.851816            0.042089         
157  2       0.00562341  8           sigmoid      0.834596            0.024188           0.795412            0.027857         
158  2       0.01        8           sigmoid      0.723485            0.028092           0.649224            0.032843         
159  2       scale       8           sigmoid      0.852273            0.027168           0.813173            0.036538         
160  2       auto        8           sigmoid      0.849747            0.026933           0.810251            0.035279         
161  2       0.001       10          sigmoid      0.720960            0.027168           0.669566            0.029715         
162  2       0.00177828  10          sigmoid      0.717172            0.028120           0.664516            0.030831         
163  2       0.00316228  10          sigmoid      0.756313            0.022267           0.707377            0.023924         
164  2       0.00562341  10          sigmoid      0.799242            0.019190           0.745773            0.024835         
165  2       0.01        10          sigmoid      0.748737            0.049080           0.682786            0.060035         
166  2       scale       10          sigmoid      0.805556            0.021278           0.751605            0.027007         
167  2       auto        10          sigmoid      0.806818            0.021090           0.753289            0.026738         
168  5       0.001       0           sigmoid      0.981061            0.014670           0.974747            0.019561         
169  5       0.00177828  0           sigmoid      0.982323            0.015770           0.976641            0.020592         
170  5       0.00316228  0           sigmoid      0.962121            0.016559           0.952441            0.021307         
171  5       0.00562341  0           sigmoid      0.926768            0.025629           0.915428            0.028335         
172  5       0.01        0           sigmoid      0.856061            0.035623           0.840302            0.040462         
173  5       scale       0           sigmoid      0.930556            0.018514           0.918224            0.021987         
174  5       auto        0           sigmoid      0.930556            0.018514           0.918224            0.021987         
175  5       0.001       2           sigmoid      0.958333            0.015515           0.945076            0.020393         
176  5       0.00177828  2           sigmoid      0.958333            0.015515           0.944865            0.020597         
177  5       0.00316228  2           sigmoid      0.933081            0.023110           0.913594            0.030925         
178  5       0.00562341  2           sigmoid      0.882576            0.037092           0.856671            0.044588         
179  5       0.01        2           sigmoid      0.770202            0.037710           0.726709            0.046104         
180  5       scale       2           sigmoid      0.887626            0.031717           0.863615            0.039173         
181  5       auto        2           sigmoid      0.887626            0.031717           0.863615            0.039173         
182  5       0.001       4           sigmoid      0.958333            0.015515           0.945076            0.020393         
183  5       0.00177828  4           sigmoid      0.957071            0.014940           0.943182            0.019862         
184  5       0.00316228  4           sigmoid      0.933081            0.023110           0.912753            0.030777         
185  5       0.00562341  4           sigmoid      0.881313            0.029341           0.846338            0.040152         
186  5       0.01        4           sigmoid      0.757576            0.028570           0.690849            0.036887         
187  5       scale       4           sigmoid      0.885101            0.030695           0.851389            0.041617         
188  5       auto        4           sigmoid      0.885101            0.030695           0.851389            0.041617         
189  5       0.001       6           sigmoid      0.958333            0.015515           0.945076            0.020393         
190  5       0.00177828  6           sigmoid      0.957071            0.014940           0.942971            0.019820         
191  5       0.00316228  6           sigmoid      0.933081            0.023110           0.912753            0.030777         
192  5       0.00562341  6           sigmoid      0.880051            0.031312           0.845076            0.042032         
193  5       0.01        6           sigmoid      0.757576            0.029879           0.691041            0.038369         
194  5       scale       6           sigmoid      0.887626            0.026455           0.854756            0.036036         
195  5       auto        6           sigmoid      0.883838            0.029879           0.849916            0.040615         
196  5       0.001       8           sigmoid      0.815657            0.025629           0.765699            0.030516         
197  5       0.00177828  8           sigmoid      0.885101            0.025722           0.850884            0.032732         
198  5       0.00316228  8           sigmoid      0.882576            0.033094           0.851816            0.042089         
199  5       0.00562341  8           sigmoid      0.834596            0.024188           0.795412            0.027857         
200  5       0.01        8           sigmoid      0.723485            0.028092           0.649224            0.032843         
201  5       scale       8           sigmoid      0.852273            0.027168           0.813173            0.036538         
202  5       auto        8           sigmoid      0.849747            0.026933           0.810251            0.035279         
203  5       0.001       10          sigmoid      0.720960            0.027168           0.669566            0.029715         
204  5       0.00177828  10          sigmoid      0.717172            0.028120           0.664516            0.030831         
205  5       0.00316228  10          sigmoid      0.756313            0.022267           0.707377            0.023924         
206  5       0.00562341  10          sigmoid      0.799242            0.019190           0.745773            0.024835         
207  5       0.01        10          sigmoid      0.748737            0.049080           0.682786            0.060035         
208  5       scale       10          sigmoid      0.805556            0.021278           0.751605            0.027007         
209  5       auto        10          sigmoid      0.806818            0.021090           0.753289            0.026738         
210  10      0.001       0           sigmoid      0.983586            0.015921           0.978325            0.020780         
211  10      0.00177828  0           sigmoid      0.983586            0.012307           0.978535            0.016317         
212  10      0.00316228  0           sigmoid      0.959596            0.014285           0.951389            0.016397         
213  10      0.00562341  0           sigmoid      0.916667            0.019397           0.906590            0.021636         
214  10      0.01        0           sigmoid      0.858586            0.028570           0.842593            0.033754         
215  10      scale       0           sigmoid      0.917929            0.019190           0.907768            0.021992         
216  10      auto        0           sigmoid      0.917929            0.019190           0.907768            0.021992         
217  10      0.001       2           sigmoid      0.958333            0.015515           0.945076            0.020393         
218  10      0.00177828  2           sigmoid      0.958333            0.015515           0.944865            0.020597         
219  10      0.00316228  2           sigmoid      0.939394            0.022587           0.921591            0.029773         
220  10      0.00562341  2           sigmoid      0.883838            0.037795           0.860038            0.045237         
221  10      0.01        2           sigmoid      0.776515            0.035511           0.738721            0.039252         
222  10      scale       2           sigmoid      0.893939            0.032339           0.872243            0.039563         
223  10      auto        2           sigmoid      0.893939            0.032339           0.872243            0.039563         
224  10      0.001       4           sigmoid      0.958333            0.015515           0.945076            0.020393         
225  10      0.00177828  4           sigmoid      0.957071            0.014940           0.943182            0.019862         
226  10      0.00316228  4           sigmoid      0.933081            0.023110           0.912753            0.030777         
227  10      0.00562341  4           sigmoid      0.881313            0.029341           0.846338            0.040152         
228  10      0.01        4           sigmoid      0.756313            0.031312           0.689460            0.040307         
229  10      scale       4           sigmoid      0.885101            0.030695           0.851389            0.041617         
230  10      auto        4           sigmoid      0.885101            0.030695           0.851389            0.041617         
231  10      0.001       6           sigmoid      0.958333            0.015515           0.945076            0.020393         
232  10      0.00177828  6           sigmoid      0.957071            0.014940           0.942971            0.019820         
233  10      0.00316228  6           sigmoid      0.933081            0.023110           0.912753            0.030777         
234  10      0.00562341  6           sigmoid      0.880051            0.031312           0.845076            0.042032         
235  10      0.01        6           sigmoid      0.757576            0.029879           0.691041            0.038369         
236  10      scale       6           sigmoid      0.887626            0.026455           0.854756            0.036036         
237  10      auto        6           sigmoid      0.883838            0.029879           0.849916            0.040615         
238  10      0.001       8           sigmoid      0.815657            0.025629           0.765699            0.030516         
239  10      0.00177828  8           sigmoid      0.885101            0.025722           0.850884            0.032732         
240  10      0.00316228  8           sigmoid      0.882576            0.033094           0.851816            0.042089         
241  10      0.00562341  8           sigmoid      0.834596            0.024188           0.795412            0.027857         
242  10      0.01        8           sigmoid      0.723485            0.028092           0.649224            0.032843         
243  10      scale       8           sigmoid      0.852273            0.027168           0.813173            0.036538         
244  10      auto        8           sigmoid      0.849747            0.026933           0.810251            0.035279         
245  10      0.001       10          sigmoid      0.720960            0.027168           0.669566            0.029715         
246  10      0.00177828  10          sigmoid      0.717172            0.028120           0.664516            0.030831         
247  10      0.00316228  10          sigmoid      0.756313            0.022267           0.707377            0.023924         
248  10      0.00562341  10          sigmoid      0.799242            0.019190           0.745773            0.024835         
249  10      0.01        10          sigmoid      0.748737            0.049080           0.682786            0.060035         
250  10      scale       10          sigmoid      0.805556            0.021278           0.751605            0.027007         
251  10      auto        10          sigmoid      0.806818            0.021090           0.753289            0.026738         
-------------------------------------------------------

Test accuracy : 0.975
Test f1-score : 0.973
